<Events><Event><EventID>5379</EventID><TimeGenerated>2025-01-19 13:29:03</TimeGenerated><SourceName>Microsoft-Windows-Security-Auditing</SourceName><EventType>Audit Success</EventType><EventCategory>13824</EventCategory><Message>Credential Manager credentials were read.

Subject:
	Security ID:		S-1-5-21-4176545725-3240412065-1138046539-1002
	Account Name:		testi
	Account Domain:		JAIBAJRANG
	Logon ID:		0x5cfc5
	Read Operation:		%%8100

This event occurs when a user performs a read operation on stored credentials in Credential Manager.
</Message></Event><Event><EventID>5379</EventID><TimeGenerated>2025-01-19 13:29:03</TimeGenerated><SourceName>Microsoft-Windows-Security-Auditing</SourceName><EventType>Audit Success</EventType><EventCategory>13824</EventCategory><Message>Credential Manager credentials were read.

Subject:
	Security ID:		S-1-5-21-4176545725-3240412065-1138046539-1002
	Account Name:		testi
	Account Domain:		JAIBAJRANG
	Logon ID:		0x5cfc5
	Read Operation:		%%8100

This event occurs when a user performs a read operation on stored credentials in Credential Manager.
</Message></Event><Event><EventID>5379</EventID><TimeGenerated>2025-01-19 13:29:03</TimeGenerated><SourceName>Microsoft-Windows-Security-Auditing</SourceName><EventType>Audit Success</EventType><EventCategory>13824</EventCategory><Message>Credential Manager credentials were read.

Subject:
	Security ID:		S-1-5-21-4176545725-3240412065-1138046539-1002
	Account Name:		testi
	Account Domain:		JAIBAJRANG
	Logon ID:		0x5cfc5
	Read Operation:		%%8100

This event occurs when a user performs a read operation on stored credentials in Credential Manager.
</Message></Event><Event><EventID>5379</EventID><TimeGenerated>2025-01-19 13:29:03</TimeGenerated><SourceName>Microsoft-Windows-Security-Auditing</SourceName><EventType>Audit Success</EventType><EventCategory>13824</EventCategory><Message>Credential Manager credentials were read.

Subject:
	Security ID:		S-1-5-21-4176545725-3240412065-1138046539-1002
	Account Name:		testi
	Account Domain:		JAIBAJRANG
	Logon ID:		0x5cfc5
	Read Operation:		%%8100

This event occurs when a user performs a read operation on stored credentials in Credential Manager.
</Message></Event><Event><EventID>5379</EventID><TimeGenerated>2025-01-19 13:29:02</TimeGenerated><SourceName>Microsoft-Windows-Security-Auditing</SourceName><EventType>Audit Success</EventType><EventCategory>13824</EventCategory><Message>Credential Manager credentials were read.

Subject:
	Security ID:		S-1-5-21-4176545725-3240412065-1138046539-1002
	Account Name:		testi
	Account Domain:		JAIBAJRANG
	Logon ID:		0x5cfc5
	Read Operation:		%%8100

This event occurs when a user performs a read operation on stored credentials in Credential Manager.
</Message></Event><Event><EventID>5379</EventID><TimeGenerated>2025-01-19 13:29:02</TimeGenerated><SourceName>Microsoft-Windows-Security-Auditing</SourceName><EventType>Audit Success</EventType><EventCategory>13824</EventCategory><Message>Credential Manager credentials were read.

Subject:
	Security ID:		S-1-5-21-4176545725-3240412065-1138046539-1002
	Account Name:		testi
	Account Domain:		JAIBAJRANG
	Logon ID:		0x5cfc5
	Read Operation:		%%8100

This event occurs when a user performs a read operation on stored credentials in Credential Manager.
</Message></Event><Event><EventID>5379</EventID><TimeGenerated>2025-01-19 13:29:02</TimeGenerated><SourceName>Microsoft-Windows-Security-Auditing</SourceName><EventType>Audit Success</EventType><EventCategory>13824</EventCategory><Message>Credential Manager credentials were read.

Subject:
	Security ID:		S-1-5-21-4176545725-3240412065-1138046539-1002
	Account Name:		testi
	Account Domain:		JAIBAJRANG
	Logon ID:		0x5cfc5
	Read Operation:		%%8100

This event occurs when a user performs a read operation on stored credentials in Credential Manager.
</Message></Event><Event><EventID>5379</EventID><TimeGenerated>2025-01-19 13:29:02</TimeGenerated><SourceName>Microsoft-Windows-Security-Auditing</SourceName><EventType>Audit Success</EventType><EventCategory>13824</EventCategory><Message>Credential Manager credentials were read.

Subject:
	Security ID:		S-1-5-21-4176545725-3240412065-1138046539-1002
	Account Name:		testi
	Account Domain:		JAIBAJRANG
	Logon ID:		0x5cfc5
	Read Operation:		%%8100

This event occurs when a user performs a read operation on stored credentials in Credential Manager.
</Message></Event></Events>