<Events>
  <Event>
    <EventID>5379</EventID>
    <TimeGenerated>2025-01-31 22:19:47</TimeGenerated>
    <SourceName>Microsoft-Windows-Security-Auditing</SourceName>
    <EventType>Audit Success</EventType>
    <EventCategory>13824</EventCategory>
    <Message>Credential Manager credentials were read.

Subject:
	Security ID:		S-1-5-21-4176545725-3240412065-1138046539-1002
	Account Name:		testi
	Account Domain:		JAIBAJRANG
	Logon ID:		0xd61ba
	Read Operation:		%%8099

This event occurs when a user performs a read operation on stored credentials in Credential Manager.</Message>
  </Event>
  <Event>
    <EventID>4798</EventID>
    <TimeGenerated>2025-01-31 22:19:47</TimeGenerated>
    <SourceName>Microsoft-Windows-Security-Auditing</SourceName>
    <EventType>Audit Success</EventType>
    <EventCategory>13824</EventCategory>
    <Message>A user&apos;s local group membership was enumerated.

Subject:
	Security ID:		S-1-5-21-4176545725-3240412065-1138046539-1002
	Account Name:		testi
	Account Domain:		JAIBAJRANG
	Logon ID:		0xd61ba

User:
	Security ID:		S-1-5-21-4176545725-3240412065-1138046539-1002
	Account Name:		testi
	Account Domain:		JAIBAJRANG

Process Information:
	Process ID:		0x10ba8
	Process Name:		C:\Program Files\Git\usr\bin\sh.exe</Message>
  </Event>
  <Event>
    <EventID>5379</EventID>
    <TimeGenerated>2025-01-31 22:19:47</TimeGenerated>
    <SourceName>Microsoft-Windows-Security-Auditing</SourceName>
    <EventType>Audit Success</EventType>
    <EventCategory>13824</EventCategory>
    <Message>Credential Manager credentials were read.

Subject:
	Security ID:		S-1-5-21-4176545725-3240412065-1138046539-1002
	Account Name:		testi
	Account Domain:		JAIBAJRANG
	Logon ID:		0xd61ba
	Read Operation:		%%8100

This event occurs when a user performs a read operation on stored credentials in Credential Manager.</Message>
  </Event>
  <Event>
    <EventID>5379</EventID>
    <TimeGenerated>2025-01-31 22:19:47</TimeGenerated>
    <SourceName>Microsoft-Windows-Security-Auditing</SourceName>
    <EventType>Audit Success</EventType>
    <EventCategory>13824</EventCategory>
    <Message>Credential Manager credentials were read.

Subject:
	Security ID:		S-1-5-21-4176545725-3240412065-1138046539-1002
	Account Name:		testi
	Account Domain:		JAIBAJRANG
	Logon ID:		0xd61ba
	Read Operation:		%%8100

This event occurs when a user performs a read operation on stored credentials in Credential Manager.</Message>
  </Event>
  <Event>
    <EventID>5379</EventID>
    <TimeGenerated>2025-01-31 22:19:47</TimeGenerated>
    <SourceName>Microsoft-Windows-Security-Auditing</SourceName>
    <EventType>Audit Success</EventType>
    <EventCategory>13824</EventCategory>
    <Message>Credential Manager credentials were read.

Subject:
	Security ID:		S-1-5-21-4176545725-3240412065-1138046539-1002
	Account Name:		testi
	Account Domain:		JAIBAJRANG
	Logon ID:		0xd61ba
	Read Operation:		%%8099

This event occurs when a user performs a read operation on stored credentials in Credential Manager.</Message>
  </Event>
  <Event>
    <EventID>4798</EventID>
    <TimeGenerated>2025-01-31 22:19:47</TimeGenerated>
    <SourceName>Microsoft-Windows-Security-Auditing</SourceName>
    <EventType>Audit Success</EventType>
    <EventCategory>13824</EventCategory>
    <Message>A user&apos;s local group membership was enumerated.

Subject:
	Security ID:		S-1-5-21-4176545725-3240412065-1138046539-1002
	Account Name:		testi
	Account Domain:		JAIBAJRANG
	Logon ID:		0xd61ba

User:
	Security ID:		S-1-5-21-4176545725-3240412065-1138046539-1002
	Account Name:		testi
	Account Domain:		JAIBAJRANG

Process Information:
	Process ID:		0x10ba8
	Process Name:		C:\Program Files\Git\usr\bin\sh.exe</Message>
  </Event>
  <Event>
    <EventID>5379</EventID>
    <TimeGenerated>2025-01-31 22:19:47</TimeGenerated>
    <SourceName>Microsoft-Windows-Security-Auditing</SourceName>
    <EventType>Audit Success</EventType>
    <EventCategory>13824</EventCategory>
    <Message>Credential Manager credentials were read.

Subject:
	Security ID:		S-1-5-21-4176545725-3240412065-1138046539-1002
	Account Name:		testi
	Account Domain:		JAIBAJRANG
	Logon ID:		0xd61ba
	Read Operation:		%%8100

This event occurs when a user performs a read operation on stored credentials in Credential Manager.</Message>
  </Event>
  <Event>
    <EventID>5379</EventID>
    <TimeGenerated>2025-01-31 22:19:47</TimeGenerated>
    <SourceName>Microsoft-Windows-Security-Auditing</SourceName>
    <EventType>Audit Success</EventType>
    <EventCategory>13824</EventCategory>
    <Message>Credential Manager credentials were read.

Subject:
	Security ID:		S-1-5-21-4176545725-3240412065-1138046539-1002
	Account Name:		testi
	Account Domain:		JAIBAJRANG
	Logon ID:		0xd61ba
	Read Operation:		%%8100

This event occurs when a user performs a read operation on stored credentials in Credential Manager.</Message>
  </Event>
  <Event>
    <EventID>4798</EventID>
    <TimeGenerated>2025-01-31 22:19:46</TimeGenerated>
    <SourceName>Microsoft-Windows-Security-Auditing</SourceName>
    <EventType>Audit Success</EventType>
    <EventCategory>13824</EventCategory>
    <Message>A user&apos;s local group membership was enumerated.

Subject:
	Security ID:		S-1-5-21-4176545725-3240412065-1138046539-1002
	Account Name:		testi
	Account Domain:		JAIBAJRANG
	Logon ID:		0xd61ba

User:
	Security ID:		S-1-5-21-4176545725-3240412065-1138046539-1002
	Account Name:		testi
	Account Domain:		JAIBAJRANG

Process Information:
	Process ID:		0x13e58
	Process Name:		C:\Program Files\Git\usr\bin\sh.exe</Message>
  </Event>
  <Event>
    <EventID>5379</EventID>
    <TimeGenerated>2025-01-31 22:19:46</TimeGenerated>
    <SourceName>Microsoft-Windows-Security-Auditing</SourceName>
    <EventType>Audit Success</EventType>
    <EventCategory>13824</EventCategory>
    <Message>Credential Manager credentials were read.

Subject:
	Security ID:		S-1-5-21-4176545725-3240412065-1138046539-1002
	Account Name:		testi
	Account Domain:		JAIBAJRANG
	Logon ID:		0xd61ba
	Read Operation:		%%8099

This event occurs when a user performs a read operation on stored credentials in Credential Manager.</Message>
  </Event>
  <Event>
    <EventID>4798</EventID>
    <TimeGenerated>2025-01-31 22:19:46</TimeGenerated>
    <SourceName>Microsoft-Windows-Security-Auditing</SourceName>
    <EventType>Audit Success</EventType>
    <EventCategory>13824</EventCategory>
    <Message>A user&apos;s local group membership was enumerated.

Subject:
	Security ID:		S-1-5-21-4176545725-3240412065-1138046539-1002
	Account Name:		testi
	Account Domain:		JAIBAJRANG
	Logon ID:		0xd61ba

User:
	Security ID:		S-1-5-21-4176545725-3240412065-1138046539-1002
	Account Name:		testi
	Account Domain:		JAIBAJRANG

Process Information:
	Process ID:		0x13e58
	Process Name:		C:\Program Files\Git\usr\bin\sh.exe</Message>
  </Event>
  <Event>
    <EventID>5379</EventID>
    <TimeGenerated>2025-01-31 22:19:46</TimeGenerated>
    <SourceName>Microsoft-Windows-Security-Auditing</SourceName>
    <EventType>Audit Success</EventType>
    <EventCategory>13824</EventCategory>
    <Message>Credential Manager credentials were read.

Subject:
	Security ID:		S-1-5-21-4176545725-3240412065-1138046539-1002
	Account Name:		testi
	Account Domain:		JAIBAJRANG
	Logon ID:		0xd61ba
	Read Operation:		%%8099

This event occurs when a user performs a read operation on stored credentials in Credential Manager.</Message>
  </Event>
  <Event>
    <EventID>4798</EventID>
    <TimeGenerated>2025-01-31 22:19:45</TimeGenerated>
    <SourceName>Microsoft-Windows-Security-Auditing</SourceName>
    <EventType>Audit Success</EventType>
    <EventCategory>13824</EventCategory>
    <Message>A user&apos;s local group membership was enumerated.

Subject:
	Security ID:		S-1-5-21-4176545725-3240412065-1138046539-1002
	Account Name:		testi
	Account Domain:		JAIBAJRANG
	Logon ID:		0xd61ba

User:
	Security ID:		S-1-5-21-4176545725-3240412065-1138046539-1002
	Account Name:		testi
	Account Domain:		JAIBAJRANG

Process Information:
	Process ID:		0x12a58
	Process Name:		C:\Program Files\Git\usr\bin\sh.exe</Message>
  </Event>
  <Event>
    <EventID>5379</EventID>
    <TimeGenerated>2025-01-31 22:19:45</TimeGenerated>
    <SourceName>Microsoft-Windows-Security-Auditing</SourceName>
    <EventType>Audit Success</EventType>
    <EventCategory>13824</EventCategory>
    <Message>Credential Manager credentials were read.

Subject:
	Security ID:		S-1-5-21-4176545725-3240412065-1138046539-1002
	Account Name:		testi
	Account Domain:		JAIBAJRANG
	Logon ID:		0xd61ba
	Read Operation:		%%8100

This event occurs when a user performs a read operation on stored credentials in Credential Manager.</Message>
  </Event>
  <Event>
    <EventID>5379</EventID>
    <TimeGenerated>2025-01-31 22:19:45</TimeGenerated>
    <SourceName>Microsoft-Windows-Security-Auditing</SourceName>
    <EventType>Audit Success</EventType>
    <EventCategory>13824</EventCategory>
    <Message>Credential Manager credentials were read.

Subject:
	Security ID:		S-1-5-21-4176545725-3240412065-1138046539-1002
	Account Name:		testi
	Account Domain:		JAIBAJRANG
	Logon ID:		0xd61ba
	Read Operation:		%%8100

This event occurs when a user performs a read operation on stored credentials in Credential Manager.</Message>
  </Event>
  <Event>
    <EventID>4798</EventID>
    <TimeGenerated>2025-01-31 22:19:45</TimeGenerated>
    <SourceName>Microsoft-Windows-Security-Auditing</SourceName>
    <EventType>Audit Success</EventType>
    <EventCategory>13824</EventCategory>
    <Message>A user&apos;s local group membership was enumerated.

Subject:
	Security ID:		S-1-5-21-4176545725-3240412065-1138046539-1002
	Account Name:		testi
	Account Domain:		JAIBAJRANG
	Logon ID:		0xd61ba

User:
	Security ID:		S-1-5-21-4176545725-3240412065-1138046539-1002
	Account Name:		testi
	Account Domain:		JAIBAJRANG

Process Information:
	Process ID:		0x12a58
	Process Name:		C:\Program Files\Git\usr\bin\sh.exe</Message>
  </Event>
  <Event>
    <EventID>5379</EventID>
    <TimeGenerated>2025-01-31 22:19:45</TimeGenerated>
    <SourceName>Microsoft-Windows-Security-Auditing</SourceName>
    <EventType>Audit Success</EventType>
    <EventCategory>13824</EventCategory>
    <Message>Credential Manager credentials were read.

Subject:
	Security ID:		S-1-5-21-4176545725-3240412065-1138046539-1002
	Account Name:		testi
	Account Domain:		JAIBAJRANG
	Logon ID:		0xd61ba
	Read Operation:		%%8100

This event occurs when a user performs a read operation on stored credentials in Credential Manager.</Message>
  </Event>
  <Event>
    <EventID>5379</EventID>
    <TimeGenerated>2025-01-31 22:19:45</TimeGenerated>
    <SourceName>Microsoft-Windows-Security-Auditing</SourceName>
    <EventType>Audit Success</EventType>
    <EventCategory>13824</EventCategory>
    <Message>Credential Manager credentials were read.

Subject:
	Security ID:		S-1-5-21-4176545725-3240412065-1138046539-1002
	Account Name:		testi
	Account Domain:		JAIBAJRANG
	Logon ID:		0xd61ba
	Read Operation:		%%8100

This event occurs when a user performs a read operation on stored credentials in Credential Manager.</Message>
  </Event>
  <Event>
    <EventID>5379</EventID>
    <TimeGenerated>2025-01-31 22:04:55</TimeGenerated>
    <SourceName>Microsoft-Windows-Security-Auditing</SourceName>
    <EventType>Audit Success</EventType>
    <EventCategory>13824</EventCategory>
    <Message>Credential Manager credentials were read.

Subject:
	Security ID:		S-1-5-21-4176545725-3240412065-1138046539-1002
	Account Name:		testi
	Account Domain:		JAIBAJRANG
	Logon ID:		0xd61ba
	Read Operation:		%%8100

This event occurs when a user performs a read operation on stored credentials in Credential Manager.</Message>
  </Event>
  <Event>
    <EventID>5379</EventID>
    <TimeGenerated>2025-01-31 22:04:55</TimeGenerated>
    <SourceName>Microsoft-Windows-Security-Auditing</SourceName>
    <EventType>Audit Success</EventType>
    <EventCategory>13824</EventCategory>
    <Message>Credential Manager credentials were read.

Subject:
	Security ID:		S-1-5-21-4176545725-3240412065-1138046539-1002
	Account Name:		testi
	Account Domain:		JAIBAJRANG
	Logon ID:		0xd61ba
	Read Operation:		%%8100

This event occurs when a user performs a read operation on stored credentials in Credential Manager.</Message>
  </Event>
  <Event>
    <EventID>5379</EventID>
    <TimeGenerated>2025-01-31 22:04:55</TimeGenerated>
    <SourceName>Microsoft-Windows-Security-Auditing</SourceName>
    <EventType>Audit Success</EventType>
    <EventCategory>13824</EventCategory>
    <Message>Credential Manager credentials were read.

Subject:
	Security ID:		S-1-5-21-4176545725-3240412065-1138046539-1002
	Account Name:		testi
	Account Domain:		JAIBAJRANG
	Logon ID:		0xd61ba
	Read Operation:		%%8100

This event occurs when a user performs a read operation on stored credentials in Credential Manager.</Message>
  </Event>
  <Event>
    <EventID>5379</EventID>
    <TimeGenerated>2025-01-31 22:04:55</TimeGenerated>
    <SourceName>Microsoft-Windows-Security-Auditing</SourceName>
    <EventType>Audit Success</EventType>
    <EventCategory>13824</EventCategory>
    <Message>Credential Manager credentials were read.

Subject:
	Security ID:		S-1-5-21-4176545725-3240412065-1138046539-1002
	Account Name:		testi
	Account Domain:		JAIBAJRANG
	Logon ID:		0xd61ba
	Read Operation:		%%8100

This event occurs when a user performs a read operation on stored credentials in Credential Manager.</Message>
  </Event>
  <Event>
    <EventID>5379</EventID>
    <TimeGenerated>2025-01-31 22:04:55</TimeGenerated>
    <SourceName>Microsoft-Windows-Security-Auditing</SourceName>
    <EventType>Audit Success</EventType>
    <EventCategory>13824</EventCategory>
    <Message>Credential Manager credentials were read.

Subject:
	Security ID:		S-1-5-21-4176545725-3240412065-1138046539-1002
	Account Name:		testi
	Account Domain:		JAIBAJRANG
	Logon ID:		0xd61ba
	Read Operation:		%%8100

This event occurs when a user performs a read operation on stored credentials in Credential Manager.</Message>
  </Event>
  <Event>
    <EventID>5379</EventID>
    <TimeGenerated>2025-01-31 22:04:55</TimeGenerated>
    <SourceName>Microsoft-Windows-Security-Auditing</SourceName>
    <EventType>Audit Success</EventType>
    <EventCategory>13824</EventCategory>
    <Message>Credential Manager credentials were read.

Subject:
	Security ID:		S-1-5-21-4176545725-3240412065-1138046539-1002
	Account Name:		testi
	Account Domain:		JAIBAJRANG
	Logon ID:		0xd61ba
	Read Operation:		%%8100

This event occurs when a user performs a read operation on stored credentials in Credential Manager.</Message>
  </Event>
  <Event>
    <EventID>5379</EventID>
    <TimeGenerated>2025-01-31 22:04:55</TimeGenerated>
    <SourceName>Microsoft-Windows-Security-Auditing</SourceName>
    <EventType>Audit Success</EventType>
    <EventCategory>13824</EventCategory>
    <Message>Credential Manager credentials were read.

Subject:
	Security ID:		S-1-5-21-4176545725-3240412065-1138046539-1002
	Account Name:		testi
	Account Domain:		JAIBAJRANG
	Logon ID:		0xd61ba
	Read Operation:		%%8100

This event occurs when a user performs a read operation on stored credentials in Credential Manager.</Message>
  </Event>
  <Event>
    <EventID>5379</EventID>
    <TimeGenerated>2025-01-31 22:04:55</TimeGenerated>
    <SourceName>Microsoft-Windows-Security-Auditing</SourceName>
    <EventType>Audit Success</EventType>
    <EventCategory>13824</EventCategory>
    <Message>Credential Manager credentials were read.

Subject:
	Security ID:		S-1-5-21-4176545725-3240412065-1138046539-1002
	Account Name:		testi
	Account Domain:		JAIBAJRANG
	Logon ID:		0xd61ba
	Read Operation:		%%8100

This event occurs when a user performs a read operation on stored credentials in Credential Manager.</Message>
  </Event>
  <Event>
    <EventID>4672</EventID>
    <TimeGenerated>2025-01-31 21:59:36</TimeGenerated>
    <SourceName>Microsoft-Windows-Security-Auditing</SourceName>
    <EventType>Audit Success</EventType>
    <EventCategory>12548</EventCategory>
    <Message>Special privileges assigned to new logon.

Subject:
	Security ID:		S-1-5-18
	Account Name:		SYSTEM
	Account Domain:		NT AUTHORITY
	Logon ID:		0x3e7

Privileges:		SeAssignPrimaryTokenPrivilege
			SeTcbPrivilege
			SeSecurityPrivilege
			SeTakeOwnershipPrivilege
			SeLoadDriverPrivilege
			SeBackupPrivilege
			SeRestorePrivilege
			SeDebugPrivilege
			SeAuditPrivilege
			SeSystemEnvironmentPrivilege
			SeImpersonatePrivilege
			SeDelegateSessionUserImpersonatePrivilege</Message>
  </Event>
  <Event>
    <EventID>4624</EventID>
    <TimeGenerated>2025-01-31 21:59:36</TimeGenerated>
    <SourceName>Microsoft-Windows-Security-Auditing</SourceName>
    <EventType>Audit Success</EventType>
    <EventCategory>12544</EventCategory>
    <Message>An account was successfully logged on.

Subject:
	Security ID:		S-1-5-18
	Account Name:		JAIBAJRANG$
	Account Domain:		WORKGROUP
	Logon ID:		0x3e7

Logon Information:
	Logon Type:		5
	Restricted Admin Mode:	-
	Remote Credential Guard:	-
	Virtual Account:		%%1843
	Elevated Token:		%%1842

Impersonation Level:		%%1833

New Logon:
	Security ID:		S-1-5-18
	Account Name:		SYSTEM
	Account Domain:		NT AUTHORITY
	Logon ID:		0x3e7
	Linked Logon ID:		0x0
	Network Account Name:	-
	Network Account Domain:	-
	Logon GUID:		{00000000-0000-0000-0000-000000000000}

Process Information:
	Process ID:		0x4cc
	Process Name:		C:\Windows\System32\services.exe

Network Information:
	Workstation Name:	-
	Source Network Address:	-
	Source Port:		-

Detailed Authentication Information:
	Logon Process:		Advapi  
	Authentication Package:	Negotiate
	Transited Services:	-
	Package Name (NTLM only):	-
	Key Length:		0

This event is generated when a logon session is created. It is generated on the computer that was accessed.

The subject fields indicate the account on the local system which requested the logon. This is most commonly a service such as the Server service, or a local process such as Winlogon.exe or Services.exe.

The logon type field indicates the kind of logon that occurred. The most common types are 2 (interactive) and 3 (network).

The New Logon fields indicate the account for whom the new logon was created, i.e. the account that was logged on.

The network fields indicate where a remote logon request originated. Workstation name is not always available and may be left blank in some cases.

The impersonation level field indicates the extent to which a process in the logon session can impersonate.

The authentication information fields provide detailed information about this specific logon request.
	- Logon GUID is a unique identifier that can be used to correlate this event with a KDC event.
	- Transited services indicate which intermediate services have participated in this logon request.
	- Package name indicates which sub-protocol was used among the NTLM protocols.
	- Key length indicates the length of the generated session key. This will be 0 if no session key was requested.</Message>
  </Event>
  <Event>
    <EventID>5379</EventID>
    <TimeGenerated>2025-01-31 21:55:43</TimeGenerated>
    <SourceName>Microsoft-Windows-Security-Auditing</SourceName>
    <EventType>Audit Success</EventType>
    <EventCategory>13824</EventCategory>
    <Message>Credential Manager credentials were read.

Subject:
	Security ID:		S-1-5-21-4176545725-3240412065-1138046539-1002
	Account Name:		testi
	Account Domain:		JAIBAJRANG
	Logon ID:		0xd61ba
	Read Operation:		%%8100

This event occurs when a user performs a read operation on stored credentials in Credential Manager.</Message>
  </Event>
  <Event>
    <EventID>5379</EventID>
    <TimeGenerated>2025-01-31 21:55:43</TimeGenerated>
    <SourceName>Microsoft-Windows-Security-Auditing</SourceName>
    <EventType>Audit Success</EventType>
    <EventCategory>13824</EventCategory>
    <Message>Credential Manager credentials were read.

Subject:
	Security ID:		S-1-5-21-4176545725-3240412065-1138046539-1002
	Account Name:		testi
	Account Domain:		JAIBAJRANG
	Logon ID:		0xd61ba
	Read Operation:		%%8100

This event occurs when a user performs a read operation on stored credentials in Credential Manager.</Message>
  </Event>
  <Event>
    <EventID>5379</EventID>
    <TimeGenerated>2025-01-31 21:55:43</TimeGenerated>
    <SourceName>Microsoft-Windows-Security-Auditing</SourceName>
    <EventType>Audit Success</EventType>
    <EventCategory>13824</EventCategory>
    <Message>Credential Manager credentials were read.

Subject:
	Security ID:		S-1-5-21-4176545725-3240412065-1138046539-1002
	Account Name:		testi
	Account Domain:		JAIBAJRANG
	Logon ID:		0xd61ba
	Read Operation:		%%8100

This event occurs when a user performs a read operation on stored credentials in Credential Manager.</Message>
  </Event>
  <Event>
    <EventID>5379</EventID>
    <TimeGenerated>2025-01-31 21:55:43</TimeGenerated>
    <SourceName>Microsoft-Windows-Security-Auditing</SourceName>
    <EventType>Audit Success</EventType>
    <EventCategory>13824</EventCategory>
    <Message>Credential Manager credentials were read.

Subject:
	Security ID:		S-1-5-21-4176545725-3240412065-1138046539-1002
	Account Name:		testi
	Account Domain:		JAIBAJRANG
	Logon ID:		0xd61ba
	Read Operation:		%%8100

This event occurs when a user performs a read operation on stored credentials in Credential Manager.</Message>
  </Event>
  <Event>
    <EventID>5379</EventID>
    <TimeGenerated>2025-01-31 21:55:42</TimeGenerated>
    <SourceName>Microsoft-Windows-Security-Auditing</SourceName>
    <EventType>Audit Success</EventType>
    <EventCategory>13824</EventCategory>
    <Message>Credential Manager credentials were read.

Subject:
	Security ID:		S-1-5-21-4176545725-3240412065-1138046539-1002
	Account Name:		testi
	Account Domain:		JAIBAJRANG
	Logon ID:		0xd61ba
	Read Operation:		%%8100

This event occurs when a user performs a read operation on stored credentials in Credential Manager.</Message>
  </Event>
  <Event>
    <EventID>4672</EventID>
    <TimeGenerated>2025-01-30 21:45:30</TimeGenerated>
    <SourceName>Microsoft-Windows-Security-Auditing</SourceName>
    <EventType>Audit Success</EventType>
    <EventCategory>12548</EventCategory>
    <Message>Special privileges assigned to new logon.

Subject:
	Security ID:		S-1-5-18
	Account Name:		SYSTEM
	Account Domain:		NT AUTHORITY
	Logon ID:		0x3e7

Privileges:		SeAssignPrimaryTokenPrivilege
			SeTcbPrivilege
			SeSecurityPrivilege
			SeTakeOwnershipPrivilege
			SeLoadDriverPrivilege
			SeBackupPrivilege
			SeRestorePrivilege
			SeDebugPrivilege
			SeAuditPrivilege
			SeSystemEnvironmentPrivilege
			SeImpersonatePrivilege
			SeDelegateSessionUserImpersonatePrivilege</Message>
  </Event>
  <Event>
    <EventID>4624</EventID>
    <TimeGenerated>2025-01-30 21:45:30</TimeGenerated>
    <SourceName>Microsoft-Windows-Security-Auditing</SourceName>
    <EventType>Audit Success</EventType>
    <EventCategory>12544</EventCategory>
    <Message>An account was successfully logged on.

Subject:
	Security ID:		S-1-5-18
	Account Name:		JAIBAJRANG$
	Account Domain:		WORKGROUP
	Logon ID:		0x3e7

Logon Information:
	Logon Type:		5
	Restricted Admin Mode:	-
	Remote Credential Guard:	-
	Virtual Account:		%%1843
	Elevated Token:		%%1842

Impersonation Level:		%%1833

New Logon:
	Security ID:		S-1-5-18
	Account Name:		SYSTEM
	Account Domain:		NT AUTHORITY
	Logon ID:		0x3e7
	Linked Logon ID:		0x0
	Network Account Name:	-
	Network Account Domain:	-
	Logon GUID:		{00000000-0000-0000-0000-000000000000}

Process Information:
	Process ID:		0x4cc
	Process Name:		C:\Windows\System32\services.exe

Network Information:
	Workstation Name:	-
	Source Network Address:	-
	Source Port:		-

Detailed Authentication Information:
	Logon Process:		Advapi  
	Authentication Package:	Negotiate
	Transited Services:	-
	Package Name (NTLM only):	-
	Key Length:		0

This event is generated when a logon session is created. It is generated on the computer that was accessed.

The subject fields indicate the account on the local system which requested the logon. This is most commonly a service such as the Server service, or a local process such as Winlogon.exe or Services.exe.

The logon type field indicates the kind of logon that occurred. The most common types are 2 (interactive) and 3 (network).

The New Logon fields indicate the account for whom the new logon was created, i.e. the account that was logged on.

The network fields indicate where a remote logon request originated. Workstation name is not always available and may be left blank in some cases.

The impersonation level field indicates the extent to which a process in the logon session can impersonate.

The authentication information fields provide detailed information about this specific logon request.
	- Logon GUID is a unique identifier that can be used to correlate this event with a KDC event.
	- Transited services indicate which intermediate services have participated in this logon request.
	- Package name indicates which sub-protocol was used among the NTLM protocols.
	- Key length indicates the length of the generated session key. This will be 0 if no session key was requested.</Message>
  </Event>
  <Event>
    <EventID>4672</EventID>
    <TimeGenerated>2025-01-30 21:45:30</TimeGenerated>
    <SourceName>Microsoft-Windows-Security-Auditing</SourceName>
    <EventType>Audit Success</EventType>
    <EventCategory>12548</EventCategory>
    <Message>Special privileges assigned to new logon.

Subject:
	Security ID:		S-1-5-18
	Account Name:		SYSTEM
	Account Domain:		NT AUTHORITY
	Logon ID:		0x3e7

Privileges:		SeAssignPrimaryTokenPrivilege
			SeTcbPrivilege
			SeSecurityPrivilege
			SeTakeOwnershipPrivilege
			SeLoadDriverPrivilege
			SeBackupPrivilege
			SeRestorePrivilege
			SeDebugPrivilege
			SeAuditPrivilege
			SeSystemEnvironmentPrivilege
			SeImpersonatePrivilege
			SeDelegateSessionUserImpersonatePrivilege</Message>
  </Event>
  <Event>
    <EventID>4624</EventID>
    <TimeGenerated>2025-01-30 21:45:30</TimeGenerated>
    <SourceName>Microsoft-Windows-Security-Auditing</SourceName>
    <EventType>Audit Success</EventType>
    <EventCategory>12544</EventCategory>
    <Message>An account was successfully logged on.

Subject:
	Security ID:		S-1-5-18
	Account Name:		JAIBAJRANG$
	Account Domain:		WORKGROUP
	Logon ID:		0x3e7

Logon Information:
	Logon Type:		5
	Restricted Admin Mode:	-
	Remote Credential Guard:	-
	Virtual Account:		%%1843
	Elevated Token:		%%1842

Impersonation Level:		%%1833

New Logon:
	Security ID:		S-1-5-18
	Account Name:		SYSTEM
	Account Domain:		NT AUTHORITY
	Logon ID:		0x3e7
	Linked Logon ID:		0x0
	Network Account Name:	-
	Network Account Domain:	-
	Logon GUID:		{00000000-0000-0000-0000-000000000000}

Process Information:
	Process ID:		0x4cc
	Process Name:		C:\Windows\System32\services.exe

Network Information:
	Workstation Name:	-
	Source Network Address:	-
	Source Port:		-

Detailed Authentication Information:
	Logon Process:		Advapi  
	Authentication Package:	Negotiate
	Transited Services:	-
	Package Name (NTLM only):	-
	Key Length:		0

This event is generated when a logon session is created. It is generated on the computer that was accessed.

The subject fields indicate the account on the local system which requested the logon. This is most commonly a service such as the Server service, or a local process such as Winlogon.exe or Services.exe.

The logon type field indicates the kind of logon that occurred. The most common types are 2 (interactive) and 3 (network).

The New Logon fields indicate the account for whom the new logon was created, i.e. the account that was logged on.

The network fields indicate where a remote logon request originated. Workstation name is not always available and may be left blank in some cases.

The impersonation level field indicates the extent to which a process in the logon session can impersonate.

The authentication information fields provide detailed information about this specific logon request.
	- Logon GUID is a unique identifier that can be used to correlate this event with a KDC event.
	- Transited services indicate which intermediate services have participated in this logon request.
	- Package name indicates which sub-protocol was used among the NTLM protocols.
	- Key length indicates the length of the generated session key. This will be 0 if no session key was requested.</Message>
  </Event>
  <Event>
    <EventID>4672</EventID>
    <TimeGenerated>2025-01-30 21:45:21</TimeGenerated>
    <SourceName>Microsoft-Windows-Security-Auditing</SourceName>
    <EventType>Audit Success</EventType>
    <EventCategory>12548</EventCategory>
    <Message>Special privileges assigned to new logon.

Subject:
	Security ID:		S-1-5-18
	Account Name:		SYSTEM
	Account Domain:		NT AUTHORITY
	Logon ID:		0x3e7

Privileges:		SeAssignPrimaryTokenPrivilege
			SeTcbPrivilege
			SeSecurityPrivilege
			SeTakeOwnershipPrivilege
			SeLoadDriverPrivilege
			SeBackupPrivilege
			SeRestorePrivilege
			SeDebugPrivilege
			SeAuditPrivilege
			SeSystemEnvironmentPrivilege
			SeImpersonatePrivilege
			SeDelegateSessionUserImpersonatePrivilege</Message>
  </Event>
  <Event>
    <EventID>4624</EventID>
    <TimeGenerated>2025-01-30 21:45:21</TimeGenerated>
    <SourceName>Microsoft-Windows-Security-Auditing</SourceName>
    <EventType>Audit Success</EventType>
    <EventCategory>12544</EventCategory>
    <Message>An account was successfully logged on.

Subject:
	Security ID:		S-1-5-18
	Account Name:		JAIBAJRANG$
	Account Domain:		WORKGROUP
	Logon ID:		0x3e7

Logon Information:
	Logon Type:		5
	Restricted Admin Mode:	-
	Remote Credential Guard:	-
	Virtual Account:		%%1843
	Elevated Token:		%%1842

Impersonation Level:		%%1833

New Logon:
	Security ID:		S-1-5-18
	Account Name:		SYSTEM
	Account Domain:		NT AUTHORITY
	Logon ID:		0x3e7
	Linked Logon ID:		0x0
	Network Account Name:	-
	Network Account Domain:	-
	Logon GUID:		{00000000-0000-0000-0000-000000000000}

Process Information:
	Process ID:		0x4cc
	Process Name:		C:\Windows\System32\services.exe

Network Information:
	Workstation Name:	-
	Source Network Address:	-
	Source Port:		-

Detailed Authentication Information:
	Logon Process:		Advapi  
	Authentication Package:	Negotiate
	Transited Services:	-
	Package Name (NTLM only):	-
	Key Length:		0

This event is generated when a logon session is created. It is generated on the computer that was accessed.

The subject fields indicate the account on the local system which requested the logon. This is most commonly a service such as the Server service, or a local process such as Winlogon.exe or Services.exe.

The logon type field indicates the kind of logon that occurred. The most common types are 2 (interactive) and 3 (network).

The New Logon fields indicate the account for whom the new logon was created, i.e. the account that was logged on.

The network fields indicate where a remote logon request originated. Workstation name is not always available and may be left blank in some cases.

The impersonation level field indicates the extent to which a process in the logon session can impersonate.

The authentication information fields provide detailed information about this specific logon request.
	- Logon GUID is a unique identifier that can be used to correlate this event with a KDC event.
	- Transited services indicate which intermediate services have participated in this logon request.
	- Package name indicates which sub-protocol was used among the NTLM protocols.
	- Key length indicates the length of the generated session key. This will be 0 if no session key was requested.</Message>
  </Event>
  <Event>
    <EventID>4672</EventID>
    <TimeGenerated>2025-01-30 21:45:21</TimeGenerated>
    <SourceName>Microsoft-Windows-Security-Auditing</SourceName>
    <EventType>Audit Success</EventType>
    <EventCategory>12548</EventCategory>
    <Message>Special privileges assigned to new logon.

Subject:
	Security ID:		S-1-5-18
	Account Name:		SYSTEM
	Account Domain:		NT AUTHORITY
	Logon ID:		0x3e7

Privileges:		SeAssignPrimaryTokenPrivilege
			SeTcbPrivilege
			SeSecurityPrivilege
			SeTakeOwnershipPrivilege
			SeLoadDriverPrivilege
			SeBackupPrivilege
			SeRestorePrivilege
			SeDebugPrivilege
			SeAuditPrivilege
			SeSystemEnvironmentPrivilege
			SeImpersonatePrivilege
			SeDelegateSessionUserImpersonatePrivilege</Message>
  </Event>
  <Event>
    <EventID>4624</EventID>
    <TimeGenerated>2025-01-30 21:45:21</TimeGenerated>
    <SourceName>Microsoft-Windows-Security-Auditing</SourceName>
    <EventType>Audit Success</EventType>
    <EventCategory>12544</EventCategory>
    <Message>An account was successfully logged on.

Subject:
	Security ID:		S-1-5-18
	Account Name:		JAIBAJRANG$
	Account Domain:		WORKGROUP
	Logon ID:		0x3e7

Logon Information:
	Logon Type:		5
	Restricted Admin Mode:	-
	Remote Credential Guard:	-
	Virtual Account:		%%1843
	Elevated Token:		%%1842

Impersonation Level:		%%1833

New Logon:
	Security ID:		S-1-5-18
	Account Name:		SYSTEM
	Account Domain:		NT AUTHORITY
	Logon ID:		0x3e7
	Linked Logon ID:		0x0
	Network Account Name:	-
	Network Account Domain:	-
	Logon GUID:		{00000000-0000-0000-0000-000000000000}

Process Information:
	Process ID:		0x4cc
	Process Name:		C:\Windows\System32\services.exe

Network Information:
	Workstation Name:	-
	Source Network Address:	-
	Source Port:		-

Detailed Authentication Information:
	Logon Process:		Advapi  
	Authentication Package:	Negotiate
	Transited Services:	-
	Package Name (NTLM only):	-
	Key Length:		0

This event is generated when a logon session is created. It is generated on the computer that was accessed.

The subject fields indicate the account on the local system which requested the logon. This is most commonly a service such as the Server service, or a local process such as Winlogon.exe or Services.exe.

The logon type field indicates the kind of logon that occurred. The most common types are 2 (interactive) and 3 (network).

The New Logon fields indicate the account for whom the new logon was created, i.e. the account that was logged on.

The network fields indicate where a remote logon request originated. Workstation name is not always available and may be left blank in some cases.

The impersonation level field indicates the extent to which a process in the logon session can impersonate.

The authentication information fields provide detailed information about this specific logon request.
	- Logon GUID is a unique identifier that can be used to correlate this event with a KDC event.
	- Transited services indicate which intermediate services have participated in this logon request.
	- Package name indicates which sub-protocol was used among the NTLM protocols.
	- Key length indicates the length of the generated session key. This will be 0 if no session key was requested.</Message>
  </Event>
  <Event>
    <EventID>5379</EventID>
    <TimeGenerated>2025-01-30 21:45:19</TimeGenerated>
    <SourceName>Microsoft-Windows-Security-Auditing</SourceName>
    <EventType>Audit Success</EventType>
    <EventCategory>13824</EventCategory>
    <Message>Credential Manager credentials were read.

Subject:
	Security ID:		S-1-5-21-4176545725-3240412065-1138046539-1002
	Account Name:		testi
	Account Domain:		JAIBAJRANG
	Logon ID:		0xd61ba
	Read Operation:		%%8099

This event occurs when a user performs a read operation on stored credentials in Credential Manager.</Message>
  </Event>
  <Event>
    <EventID>5379</EventID>
    <TimeGenerated>2025-01-30 21:45:19</TimeGenerated>
    <SourceName>Microsoft-Windows-Security-Auditing</SourceName>
    <EventType>Audit Success</EventType>
    <EventCategory>13824</EventCategory>
    <Message>Credential Manager credentials were read.

Subject:
	Security ID:		S-1-5-21-4176545725-3240412065-1138046539-1002
	Account Name:		testi
	Account Domain:		JAIBAJRANG
	Logon ID:		0xd61ba
	Read Operation:		%%8099

This event occurs when a user performs a read operation on stored credentials in Credential Manager.</Message>
  </Event>
  <Event>
    <EventID>5379</EventID>
    <TimeGenerated>2025-01-30 21:45:19</TimeGenerated>
    <SourceName>Microsoft-Windows-Security-Auditing</SourceName>
    <EventType>Audit Success</EventType>
    <EventCategory>13824</EventCategory>
    <Message>Credential Manager credentials were read.

Subject:
	Security ID:		S-1-5-21-4176545725-3240412065-1138046539-1002
	Account Name:		testi
	Account Domain:		JAIBAJRANG
	Logon ID:		0xd61ba
	Read Operation:		%%8099

This event occurs when a user performs a read operation on stored credentials in Credential Manager.</Message>
  </Event>
  <Event>
    <EventID>5379</EventID>
    <TimeGenerated>2025-01-30 21:45:19</TimeGenerated>
    <SourceName>Microsoft-Windows-Security-Auditing</SourceName>
    <EventType>Audit Success</EventType>
    <EventCategory>13824</EventCategory>
    <Message>Credential Manager credentials were read.

Subject:
	Security ID:		S-1-5-21-4176545725-3240412065-1138046539-1002
	Account Name:		testi
	Account Domain:		JAIBAJRANG
	Logon ID:		0xd61ba
	Read Operation:		%%8099

This event occurs when a user performs a read operation on stored credentials in Credential Manager.</Message>
  </Event>
  <Event>
    <EventID>5379</EventID>
    <TimeGenerated>2025-01-30 21:30:16</TimeGenerated>
    <SourceName>Microsoft-Windows-Security-Auditing</SourceName>
    <EventType>Audit Success</EventType>
    <EventCategory>13824</EventCategory>
    <Message>Credential Manager credentials were read.

Subject:
	Security ID:		S-1-5-21-4176545725-3240412065-1138046539-1002
	Account Name:		testi
	Account Domain:		JAIBAJRANG
	Logon ID:		0xd61ba
	Read Operation:		%%8099

This event occurs when a user performs a read operation on stored credentials in Credential Manager.</Message>
  </Event>
  <Event>
    <EventID>5379</EventID>
    <TimeGenerated>2025-01-30 21:30:16</TimeGenerated>
    <SourceName>Microsoft-Windows-Security-Auditing</SourceName>
    <EventType>Audit Success</EventType>
    <EventCategory>13824</EventCategory>
    <Message>Credential Manager credentials were read.

Subject:
	Security ID:		S-1-5-21-4176545725-3240412065-1138046539-1002
	Account Name:		testi
	Account Domain:		JAIBAJRANG
	Logon ID:		0xd61ba
	Read Operation:		%%8099

This event occurs when a user performs a read operation on stored credentials in Credential Manager.</Message>
  </Event>
  <Event>
    <EventID>5379</EventID>
    <TimeGenerated>2025-01-30 21:30:16</TimeGenerated>
    <SourceName>Microsoft-Windows-Security-Auditing</SourceName>
    <EventType>Audit Success</EventType>
    <EventCategory>13824</EventCategory>
    <Message>Credential Manager credentials were read.

Subject:
	Security ID:		S-1-5-21-4176545725-3240412065-1138046539-1002
	Account Name:		testi
	Account Domain:		JAIBAJRANG
	Logon ID:		0xd61ba
	Read Operation:		%%8099

This event occurs when a user performs a read operation on stored credentials in Credential Manager.</Message>
  </Event>
  <Event>
    <EventID>5379</EventID>
    <TimeGenerated>2025-01-30 21:30:16</TimeGenerated>
    <SourceName>Microsoft-Windows-Security-Auditing</SourceName>
    <EventType>Audit Success</EventType>
    <EventCategory>13824</EventCategory>
    <Message>Credential Manager credentials were read.

Subject:
	Security ID:		S-1-5-21-4176545725-3240412065-1138046539-1002
	Account Name:		testi
	Account Domain:		JAIBAJRANG
	Logon ID:		0xd61ba
	Read Operation:		%%8099

This event occurs when a user performs a read operation on stored credentials in Credential Manager.</Message>
  </Event>
  <Event>
    <EventID>5379</EventID>
    <TimeGenerated>2025-01-30 21:30:16</TimeGenerated>
    <SourceName>Microsoft-Windows-Security-Auditing</SourceName>
    <EventType>Audit Success</EventType>
    <EventCategory>13824</EventCategory>
    <Message>Credential Manager credentials were read.

Subject:
	Security ID:		S-1-5-21-4176545725-3240412065-1138046539-1002
	Account Name:		testi
	Account Domain:		JAIBAJRANG
	Logon ID:		0xd61ba
	Read Operation:		%%8099

This event occurs when a user performs a read operation on stored credentials in Credential Manager.</Message>
  </Event>
  <Event>
    <EventID>5379</EventID>
    <TimeGenerated>2025-01-30 21:30:16</TimeGenerated>
    <SourceName>Microsoft-Windows-Security-Auditing</SourceName>
    <EventType>Audit Success</EventType>
    <EventCategory>13824</EventCategory>
    <Message>Credential Manager credentials were read.

Subject:
	Security ID:		S-1-5-21-4176545725-3240412065-1138046539-1002
	Account Name:		testi
	Account Domain:		JAIBAJRANG
	Logon ID:		0xd61ba
	Read Operation:		%%8099

This event occurs when a user performs a read operation on stored credentials in Credential Manager.</Message>
  </Event>
  <Event>
    <EventID>5379</EventID>
    <TimeGenerated>2025-01-30 21:30:16</TimeGenerated>
    <SourceName>Microsoft-Windows-Security-Auditing</SourceName>
    <EventType>Audit Success</EventType>
    <EventCategory>13824</EventCategory>
    <Message>Credential Manager credentials were read.

Subject:
	Security ID:		S-1-5-21-4176545725-3240412065-1138046539-1002
	Account Name:		testi
	Account Domain:		JAIBAJRANG
	Logon ID:		0xd61ba
	Read Operation:		%%8099

This event occurs when a user performs a read operation on stored credentials in Credential Manager.</Message>
  </Event>
  <Event>
    <EventID>5379</EventID>
    <TimeGenerated>2025-01-30 21:30:16</TimeGenerated>
    <SourceName>Microsoft-Windows-Security-Auditing</SourceName>
    <EventType>Audit Success</EventType>
    <EventCategory>13824</EventCategory>
    <Message>Credential Manager credentials were read.

Subject:
	Security ID:		S-1-5-21-4176545725-3240412065-1138046539-1002
	Account Name:		testi
	Account Domain:		JAIBAJRANG
	Logon ID:		0xd61ba
	Read Operation:		%%8099

This event occurs when a user performs a read operation on stored credentials in Credential Manager.</Message>
  </Event>
  <Event>
    <EventID>5379</EventID>
    <TimeGenerated>2025-01-30 21:30:16</TimeGenerated>
    <SourceName>Microsoft-Windows-Security-Auditing</SourceName>
    <EventType>Audit Success</EventType>
    <EventCategory>13824</EventCategory>
    <Message>Credential Manager credentials were read.

Subject:
	Security ID:		S-1-5-21-4176545725-3240412065-1138046539-1002
	Account Name:		testi
	Account Domain:		JAIBAJRANG
	Logon ID:		0xd61ba
	Read Operation:		%%8099

This event occurs when a user performs a read operation on stored credentials in Credential Manager.</Message>
  </Event>
  <Event>
    <EventID>5379</EventID>
    <TimeGenerated>2025-01-30 21:30:16</TimeGenerated>
    <SourceName>Microsoft-Windows-Security-Auditing</SourceName>
    <EventType>Audit Success</EventType>
    <EventCategory>13824</EventCategory>
    <Message>Credential Manager credentials were read.

Subject:
	Security ID:		S-1-5-21-4176545725-3240412065-1138046539-1002
	Account Name:		testi
	Account Domain:		JAIBAJRANG
	Logon ID:		0xd61ba
	Read Operation:		%%8099

This event occurs when a user performs a read operation on stored credentials in Credential Manager.</Message>
  </Event>
  <Event>
    <EventID>5379</EventID>
    <TimeGenerated>2025-01-30 21:30:16</TimeGenerated>
    <SourceName>Microsoft-Windows-Security-Auditing</SourceName>
    <EventType>Audit Success</EventType>
    <EventCategory>13824</EventCategory>
    <Message>Credential Manager credentials were read.

Subject:
	Security ID:		S-1-5-21-4176545725-3240412065-1138046539-1002
	Account Name:		testi
	Account Domain:		JAIBAJRANG
	Logon ID:		0xd61ba
	Read Operation:		%%8099

This event occurs when a user performs a read operation on stored credentials in Credential Manager.</Message>
  </Event>
  <Event>
    <EventID>5379</EventID>
    <TimeGenerated>2025-01-30 21:30:16</TimeGenerated>
    <SourceName>Microsoft-Windows-Security-Auditing</SourceName>
    <EventType>Audit Success</EventType>
    <EventCategory>13824</EventCategory>
    <Message>Credential Manager credentials were read.

Subject:
	Security ID:		S-1-5-21-4176545725-3240412065-1138046539-1002
	Account Name:		testi
	Account Domain:		JAIBAJRANG
	Logon ID:		0xd61ba
	Read Operation:		%%8099

This event occurs when a user performs a read operation on stored credentials in Credential Manager.</Message>
  </Event>
  <Event>
    <EventID>5379</EventID>
    <TimeGenerated>2025-01-30 21:30:16</TimeGenerated>
    <SourceName>Microsoft-Windows-Security-Auditing</SourceName>
    <EventType>Audit Success</EventType>
    <EventCategory>13824</EventCategory>
    <Message>Credential Manager credentials were read.

Subject:
	Security ID:		S-1-5-21-4176545725-3240412065-1138046539-1002
	Account Name:		testi
	Account Domain:		JAIBAJRANG
	Logon ID:		0xd61ba
	Read Operation:		%%8099

This event occurs when a user performs a read operation on stored credentials in Credential Manager.</Message>
  </Event>
  <Event>
    <EventID>5379</EventID>
    <TimeGenerated>2025-01-30 21:30:16</TimeGenerated>
    <SourceName>Microsoft-Windows-Security-Auditing</SourceName>
    <EventType>Audit Success</EventType>
    <EventCategory>13824</EventCategory>
    <Message>Credential Manager credentials were read.

Subject:
	Security ID:		S-1-5-21-4176545725-3240412065-1138046539-1002
	Account Name:		testi
	Account Domain:		JAIBAJRANG
	Logon ID:		0xd61ba
	Read Operation:		%%8099

This event occurs when a user performs a read operation on stored credentials in Credential Manager.</Message>
  </Event>
  <Event>
    <EventID>5379</EventID>
    <TimeGenerated>2025-01-30 21:30:16</TimeGenerated>
    <SourceName>Microsoft-Windows-Security-Auditing</SourceName>
    <EventType>Audit Success</EventType>
    <EventCategory>13824</EventCategory>
    <Message>Credential Manager credentials were read.

Subject:
	Security ID:		S-1-5-21-4176545725-3240412065-1138046539-1002
	Account Name:		testi
	Account Domain:		JAIBAJRANG
	Logon ID:		0xd61ba
	Read Operation:		%%8099

This event occurs when a user performs a read operation on stored credentials in Credential Manager.</Message>
  </Event>
  <Event>
    <EventID>5379</EventID>
    <TimeGenerated>2025-01-30 21:30:16</TimeGenerated>
    <SourceName>Microsoft-Windows-Security-Auditing</SourceName>
    <EventType>Audit Success</EventType>
    <EventCategory>13824</EventCategory>
    <Message>Credential Manager credentials were read.

Subject:
	Security ID:		S-1-5-21-4176545725-3240412065-1138046539-1002
	Account Name:		testi
	Account Domain:		JAIBAJRANG
	Logon ID:		0xd61ba
	Read Operation:		%%8099

This event occurs when a user performs a read operation on stored credentials in Credential Manager.</Message>
  </Event>
  <Event>
    <EventID>5379</EventID>
    <TimeGenerated>2025-01-22 23:57:56</TimeGenerated>
    <SourceName>Microsoft-Windows-Security-Auditing</SourceName>
    <EventType>Audit Success</EventType>
    <EventCategory>13824</EventCategory>
    <Message>Credential Manager credentials were read.

Subject:
	Security ID:		S-1-5-21-4176545725-3240412065-1138046539-1002
	Account Name:		testi
	Account Domain:		JAIBAJRANG
	Logon ID:		0xa6c26
	Read Operation:		%%8100

This event occurs when a user performs a read operation on stored credentials in Credential Manager.</Message>
  </Event>
  <Event>
    <EventID>5379</EventID>
    <TimeGenerated>2025-01-22 23:57:56</TimeGenerated>
    <SourceName>Microsoft-Windows-Security-Auditing</SourceName>
    <EventType>Audit Success</EventType>
    <EventCategory>13824</EventCategory>
    <Message>Credential Manager credentials were read.

Subject:
	Security ID:		S-1-5-21-4176545725-3240412065-1138046539-1002
	Account Name:		testi
	Account Domain:		JAIBAJRANG
	Logon ID:		0xa6c26
	Read Operation:		%%8100

This event occurs when a user performs a read operation on stored credentials in Credential Manager.</Message>
  </Event>
  <Event>
    <EventID>5379</EventID>
    <TimeGenerated>2025-01-22 23:57:56</TimeGenerated>
    <SourceName>Microsoft-Windows-Security-Auditing</SourceName>
    <EventType>Audit Success</EventType>
    <EventCategory>13824</EventCategory>
    <Message>Credential Manager credentials were read.

Subject:
	Security ID:		S-1-5-21-4176545725-3240412065-1138046539-1002
	Account Name:		testi
	Account Domain:		JAIBAJRANG
	Logon ID:		0xa6c26
	Read Operation:		%%8100

This event occurs when a user performs a read operation on stored credentials in Credential Manager.</Message>
  </Event>
  <Event>
    <EventID>5379</EventID>
    <TimeGenerated>2025-01-22 23:57:56</TimeGenerated>
    <SourceName>Microsoft-Windows-Security-Auditing</SourceName>
    <EventType>Audit Success</EventType>
    <EventCategory>13824</EventCategory>
    <Message>Credential Manager credentials were read.

Subject:
	Security ID:		S-1-5-21-4176545725-3240412065-1138046539-1002
	Account Name:		testi
	Account Domain:		JAIBAJRANG
	Logon ID:		0xa6c26
	Read Operation:		%%8100

This event occurs when a user performs a read operation on stored credentials in Credential Manager.</Message>
  </Event>
  <Event>
    <EventID>5379</EventID>
    <TimeGenerated>2025-01-22 23:57:56</TimeGenerated>
    <SourceName>Microsoft-Windows-Security-Auditing</SourceName>
    <EventType>Audit Success</EventType>
    <EventCategory>13824</EventCategory>
    <Message>Credential Manager credentials were read.

Subject:
	Security ID:		S-1-5-21-4176545725-3240412065-1138046539-1002
	Account Name:		testi
	Account Domain:		JAIBAJRANG
	Logon ID:		0xa6c26
	Read Operation:		%%8100

This event occurs when a user performs a read operation on stored credentials in Credential Manager.</Message>
  </Event>
  